#! /c/Source/iverilog-install/bin/vvp
:ivl_version "12.0 (devel)" "(s20150603-1539-g2693dd32b)";
:ivl_delay_selection "TYPICAL";
:vpi_time_precision - 9;
:vpi_module "D:\Programs\iverilog\lib\ivl\system.vpi";
:vpi_module "D:\Programs\iverilog\lib\ivl\vhdl_sys.vpi";
:vpi_module "D:\Programs\iverilog\lib\ivl\vhdl_textio.vpi";
:vpi_module "D:\Programs\iverilog\lib\ivl\v2005_math.vpi";
:vpi_module "D:\Programs\iverilog\lib\ivl\va_math.vpi";
:vpi_module "D:\Programs\iverilog\lib\ivl\v2009.vpi";
S_00000213f4a56880 .scope package, "$unit" "$unit" 2 1;
 .timescale 0 0;
S_00000213f4a56a10 .scope module, "tb7" "tb7" 3 4;
 .timescale -9 -9;
v00000213f4a54430_0 .net "out", 11 0, L_00000213f4aa37d0;  1 drivers
v00000213f4a544d0_0 .var "str", 6 0;
v00000213f4a54570_0 .var "tab", 5 0;
S_00000213f4a22ca0 .scope module, "addr_sum" "addr_sum" 3 10, 4 1 0, S_00000213f4a56a10;
 .timescale -9 -9;
    .port_info 0 /INPUT 7 "str";
    .port_info 1 /INPUT 6 "tab";
    .port_info 2 /OUTPUT 12 "out";
v00000213f4a0cb30_0 .net *"_ivl_0", 11 0, L_00000213f4aa3910;  1 drivers
L_00000213f4aa3ec8 .functor BUFT 1, C4<00000>, C4<0>, C4<0>, C4<0>;
v00000213f4a56ba0_0 .net *"_ivl_11", 4 0, L_00000213f4aa3ec8;  1 drivers
L_00000213f4aa3e38 .functor BUFT 1, C4<000000>, C4<0>, C4<0>, C4<0>;
v00000213f4a56c40_0 .net *"_ivl_3", 5 0, L_00000213f4aa3e38;  1 drivers
L_00000213f4aa3e80 .functor BUFT 1, C4<000001010000>, C4<0>, C4<0>, C4<0>;
v00000213f4a22e30_0 .net/2u *"_ivl_4", 11 0, L_00000213f4aa3e80;  1 drivers
v00000213f4a22ed0_0 .net *"_ivl_7", 11 0, L_00000213f4aa3cd0;  1 drivers
v00000213f4a22f70_0 .net *"_ivl_8", 11 0, L_00000213f4aa3730;  1 drivers
v00000213f4a23010_0 .net "out", 11 0, L_00000213f4aa37d0;  alias, 1 drivers
v00000213f4a9ac40_0 .net "str", 6 0, v00000213f4a544d0_0;  1 drivers
v00000213f4a9ace0_0 .net "tab", 5 0, v00000213f4a54570_0;  1 drivers
L_00000213f4aa3910 .concat [ 6 6 0 0], v00000213f4a54570_0, L_00000213f4aa3e38;
L_00000213f4aa3cd0 .arith/mult 12, L_00000213f4aa3910, L_00000213f4aa3e80;
L_00000213f4aa3730 .concat [ 7 5 0 0], v00000213f4a544d0_0, L_00000213f4aa3ec8;
L_00000213f4aa37d0 .arith/sum 12, L_00000213f4aa3cd0, L_00000213f4aa3730;
    .scope S_00000213f4a56a10;
T_0 ;
    %pushi/vec4 79, 0, 7;
    %store/vec4 v00000213f4a544d0_0, 0, 7;
    %pushi/vec4 47, 0, 6;
    %store/vec4 v00000213f4a54570_0, 0, 6;
    %end;
    .thread T_0;
    .scope S_00000213f4a56a10;
T_1 ;
    %delay 10, 0;
    %vpi_call/w 3 17 "$stop" {0 0 0};
    %end;
    .thread T_1;
    .scope S_00000213f4a56a10;
T_2 ;
    %vpi_call/w 3 21 "$dumpfile", "tb7.vcd" {0 0 0};
    %vpi_call/w 3 22 "$dumpvars", 32'sb00000000000000000000000000000000, S_00000213f4a56a10 {0 0 0};
    %end;
    .thread T_2;
# The file index is used to find the file name in the following table.
:file_names 5;
    "N/A";
    "<interactive>";
    "-";
    "output_files\tb7.sv";
    "./..\addr_sum.sv";
